<?xml version="1.0" encoding="UTF-8"?>
<!-- Generated by org.testng.reporters.JUnitReportReporter -->
<testsuite hostname="LT01680" failures="0" tests="2" name="SimulatorClient" time="8.113" errors="0" timestamp="14 Nov 2019 06:06:34 GMT" skipped="0">
  <testcase classname="SimulatorClient" name="initiateclient" time="3.579"/>
  <testcase classname="SimulatorClient" name="BootNotification" time="4.534"/>
</testsuite> <!-- SimulatorClient -->
