<?xml version="1.0" encoding="UTF-8"?>
<!-- Generated by org.testng.reporters.JUnitReportReporter -->
<testsuite hostname="LT01680" failures="0" tests="3" name="tests.TestConnection" time="6.662" errors="0" timestamp="21 Nov 2019 05:45:24 GMT" skipped="0">
  <testcase classname="tests.TestConnection" name="testconnection" time="5.760"/>
  <testcase classname="tests.TestConnection" name="testconnection" time="0.217"/>
  <testcase classname="tests.TestConnection" name="testconnection" time="0.685"/>
</testsuite> <!-- tests.TestConnection -->
