<?xml version="1.0" encoding="UTF-8"?>
<!-- Generated by org.testng.reporters.JUnitReportReporter -->
<testsuite hostname="LT01680" failures="0" tests="1" name="testpackage.Testing" time="0.401" errors="0" timestamp="20 Nov 2019 11:30:31 GMT" skipped="0">
  <testcase classname="testpackage.Testing" name="test1" time="0.401"/>
</testsuite> <!-- testpackage.Testing -->
