<?xml version="1.0" encoding="UTF-8"?>
<!-- Generated by org.testng.reporters.JUnitReportReporter -->
<testsuite hostname="LT01680" failures="0" tests="3" name="tests.TestBootNotification" time="8.717" errors="0" timestamp="21 Nov 2019 05:45:24 GMT" skipped="0">
  <testcase classname="tests.TestBootNotification" name="testconnection" time="8.534"/>
  <testcase classname="tests.TestBootNotification" name="testconnection" time="0.097"/>
  <testcase classname="tests.TestBootNotification" name="testconnection" time="0.086"/>
</testsuite> <!-- tests.TestBootNotification -->
