<?xml version="1.0" encoding="UTF-8"?>
<!-- Generated by org.testng.reporters.JUnitReportReporter -->
<testsuite hostname="LT01680" failures="0" tests="3" name="utilities.UsingExcel_SingleDataSet" time="17.486" errors="0" timestamp="19 Nov 2019 11:47:15 GMT" skipped="0">
  <testcase classname="utilities.UsingExcel_SingleDataSet" name="testUsingExcel" time="8.593"/>
  <testcase classname="utilities.UsingExcel_SingleDataSet" name="testUsingExcel" time="8.492"/>
  <testcase classname="utilities.UsingExcel_SingleDataSet" name="testUsingExcel" time="0.401"/>
</testsuite> <!-- utilities.UsingExcel_SingleDataSet -->
