<?xml version="1.0" encoding="UTF-8"?>
<!-- Generated by org.testng.reporters.JUnitReportReporter -->
<testsuite hostname="LT01680" failures="0" tests="1" name="tests.StopTransaction" time="7.338" errors="0" timestamp="21 Nov 2019 05:45:24 GMT" skipped="0">
  <testcase classname="tests.StopTransaction" name="testconnection" time="7.338"/>
</testsuite> <!-- tests.StopTransaction -->
