<?xml version="1.0" encoding="UTF-8"?>
<!-- Generated by org.testng.reporters.JUnitReportReporter -->
<testsuite hostname="LT01680" failures="0" tests="1" name="tests.StartTransaction" time="7.158" errors="0" timestamp="21 Nov 2019 05:45:24 GMT" skipped="0">
  <testcase classname="tests.StartTransaction" name="testconnection" time="7.158"/>
</testsuite> <!-- tests.StartTransaction -->
