<?xml version="1.0" encoding="UTF-8"?>
<!-- Generated by org.testng.reporters.JUnitReportReporter -->
<testsuite hostname="LT01680" failures="0" tests="2" name="utilities.testconnections" time="0.439" errors="0" timestamp="20 Nov 2019 05:31:02 GMT" skipped="0">
  <testcase classname="utilities.testconnections" name="sessionlogs" time="0.423"/>
  <testcase classname="utilities.testconnections" name="testocpplogs" time="0.016"/>
</testsuite> <!-- utilities.testconnections -->
