<?xml version="1.0" encoding="UTF-8"?>
<!-- Generated by org.testng.reporters.JUnitReportReporter -->
<testsuite hostname="LT01680" failures="0" tests="1" name="testpackage.StopReq" time="0.250" errors="0" timestamp="20 Nov 2019 10:56:46 GMT" skipped="0">
  <testcase classname="testpackage.StopReq" name="runtest" time="0.250"/>
</testsuite> <!-- testpackage.StopReq -->
