<?xml version="1.0" encoding="UTF-8"?>
<!-- Generated by org.testng.reporters.JUnitReportReporter -->
<testsuite hostname="LT01680" failures="0" tests="3" name="utilities.TestConnection" time="6.335" errors="0" timestamp="20 Nov 2019 05:51:44 GMT" skipped="0">
  <testcase classname="utilities.TestConnection" name="testconnection" time="5.752"/>
  <testcase classname="utilities.TestConnection" name="testconnection" time="0.122"/>
  <testcase classname="utilities.TestConnection" name="testconnection" time="0.461"/>
</testsuite> <!-- utilities.TestConnection -->
